Build started 1/29/2022 11:23:16 PM.
     1>Project "C:\Users\drtek\OneDrive\Documents\Visual Studio 2013\Projects\SkyEngineOpenGL\SkyEngineOpenGL\SkyEngineOpenGL.vcxproj" on node 2 (Build target(s)).
     1>ClCompile:
         C:\Program Files (x86)\Microsoft Visual Studio 12.0\VC\bin\CL.exe /c /I"C:\Users\drtek\OneDrive\Documents\Visual Studio 2013\Projects\SkyEngineOpenGL\Depend\GLFW\include" /I"C:\Users\drtek\OneDrive\Documents\Visual Studio 2013\Projects\SkyEngineOpenGL\Depend\GLEW\include" /I"C:\Users\drtek\OneDrive\Documents\Visual Studio 2013\Projects\SkyEngineOpenGL\Depend\GLM\glm" /ZI /nologo /W3 /WX- /sdl /Od /Oy- /D GLEW_STATIC /D _MBCS /Gm /EHsc /RTC1 /MDd /GS /fp:precise /Zc:wchar_t /Zc:forScope /Fo"Debug\\" /Fd"Debug\vc120.pdb" /Gd /TP /analyze- /errorReport:prompt Display.cpp
         Display.cpp
     1>c:\users\drtek\onedrive\documents\visual studio 2013\projects\skyengineopengl\skyengineopengl\ray.h(32): warning C4305: 'argument' : truncation from 'int' to 'float'
     1>c:\users\drtek\onedrive\documents\visual studio 2013\projects\skyengineopengl\skyengineopengl\display.cpp(43): warning C4018: '<' : signed/unsigned mismatch
     1>c:\users\drtek\onedrive\documents\visual studio 2013\projects\skyengineopengl\skyengineopengl\display.cpp(54): warning C4244: 'argument' : conversion from 'int' to 'float', possible loss of data
     1>c:\users\drtek\onedrive\documents\visual studio 2013\projects\skyengineopengl\skyengineopengl\display.cpp(96): warning C4244: 'initializing' : conversion from 'double' to 'float', possible loss of data
       Link:
         C:\Program Files (x86)\Microsoft Visual Studio 12.0\VC\bin\link.exe /ERRORREPORT:PROMPT /OUT:"C:\Users\drtek\OneDrive\Documents\Visual Studio 2013\Projects\SkyEngineOpenGL\Debug\SkyEngineOpenGL.exe" /INCREMENTAL /NOLOGO /LIBPATH:"C:\Users\drtek\OneDrive\Documents\Visual Studio 2013\Projects\SkyEngineOpenGL\Depend\GLEW\lib\Release\Win32" /LIBPATH:"C:\Users\drtek\OneDrive\Documents\Visual Studio 2013\Projects\SkyEngineOpenGL\Depend\GLFW\lib-vc2013" glfw3.lib opengl32.lib glew32s.lib Shell32.lib kernel32.lib user32.lib gdi32.lib winspool.lib comdlg32.lib advapi32.lib shell32.lib ole32.lib oleaut32.lib uuid.lib odbc32.lib odbccp32.lib /MANIFEST /MANIFESTUAC:"level='asInvoker' uiAccess='false'" /manifest:embed /DEBUG /PDB:"C:\Users\drtek\OneDrive\Documents\Visual Studio 2013\Projects\SkyEngineOpenGL\Debug\SkyEngineOpenGL.pdb" /TLBID:1 /DYNAMICBASE /NXCOMPAT /IMPLIB:"C:\Users\drtek\OneDrive\Documents\Visual Studio 2013\Projects\SkyEngineOpenGL\Debug\SkyEngineOpenGL.lib" /MACHINE:X86 Debug\Camera.obj
         Debug\Display.obj
         Debug\Point.obj
         Debug\Ray.obj
         Debug\ShaderManager.obj
         Debug\TextureManager.obj
         Debug\Wall.obj
         SkyEngineOpenGL.vcxproj -> C:\Users\drtek\OneDrive\Documents\Visual Studio 2013\Projects\SkyEngineOpenGL\Debug\SkyEngineOpenGL.exe
     1>Done Building Project "C:\Users\drtek\OneDrive\Documents\Visual Studio 2013\Projects\SkyEngineOpenGL\SkyEngineOpenGL\SkyEngineOpenGL.vcxproj" (Build target(s)).

Build succeeded.

Time Elapsed 00:00:00.81
